Start testing: Mar 01 13:59 +07
----------------------------------------------------------
1/1 Testing: MyClassTest.test_sozd
1/1 Test: MyClassTest.test_sozd
Command: "/mnt/c/Users/nikgl/OneDrive/Desktop/123/build/tests/hello_test2" "--gtest_filter=MyClassTest.test_sozd" "--gtest_also_run_disabled_tests"
Directory: /mnt/c/Users/nikgl/OneDrive/Desktop/123/build/tests
"MyClassTest.test_sozd" start time: Mar 01 13:59 +07
Output:
----------------------------------------------------------
Running main() from /mnt/c/Users/nikgl/OneDrive/Desktop/123/build/_deps/googletest-src/googletest/src/gtest_main.cc
Note: Google Test filter = MyClassTest.test_sozd
[==========] Running 1 test from 1 test suite.
[----------] Global test environment set-up.
[----------] 1 test from MyClassTest
[ RUN      ] MyClassTest.test_sozd
[       OK ] MyClassTest.test_sozd (0 ms)
[----------] 1 test from MyClassTest (0 ms total)

[----------] Global test environment tear-down
[==========] 1 test from 1 test suite ran. (0 ms total)
[  PASSED  ] 1 test.
<end of output>
Test time =   0.05 sec
----------------------------------------------------------
Test Passed.
"MyClassTest.test_sozd" end time: Mar 01 13:59 +07
"MyClassTest.test_sozd" time elapsed: 00:00:00
----------------------------------------------------------

End testing: Mar 01 13:59 +07
